# JRE version: OpenJDK Runtime Environment (8.0_152-b01) (build 1.8.0_152-release-1024-b01)
# Java VM: OpenJDK 64-Bit Server VM (25.152-b01 mixed mode linux-amd64 compressed oops)
Heap:
 PSYoungGen      total 67584K, used 5088K [0x00000000e0000000, 0x00000000e4700000, 0x0000000100000000)
  eden space 62464K, 0% used [0x00000000e0000000,0x00000000e0000000,0x00000000e3d00000)
  from space 5120K, 99% used [0x00000000e3d00000,0x00000000e41f8050,0x00000000e4200000)
  to   space 5120K, 0% used [0x00000000e4200000,0x00000000e4200000,0x00000000e4700000)
 ParOldGen       total 83456K, used 8256K [0x00000000a0000000, 0x00000000a5180000, 0x00000000e0000000)
  object space 83456K, 9% used [0x00000000a0000000,0x00000000a08101f8,0x00000000a5180000)
 Metaspace       used 20850K, capacity 21124K, committed 21248K, reserved 1067008K
  class space    used 2890K, capacity 3010K, committed 3072K, reserved 1048576K
GC Heap History (9 events):
Event: 7.364 GC heap before
{Heap before GC invocations=1 (full 0):
 PSYoungGen      total 36352K, used 31232K [0x00000000e0000000, 0x00000000e2880000, 0x0000000100000000)
  eden space 31232K, 100% used [0x00000000e0000000,0x00000000e1e80000,0x00000000e1e80000)
  from space 5120K, 0% used [0x00000000e2380000,0x00000000e2380000,0x00000000e2880000)
  to   space 5120K, 0% used [0x00000000e1e80000,0x00000000e1e80000,0x00000000e2380000)
 ParOldGen       total 83456K, used 0K [0x00000000a0000000, 0x00000000a5180000, 0x00000000e0000000)
  object space 83456K, 0% used [0x00000000a0000000,0x00000000a0000000,0x00000000a5180000)
 Metaspace       used 6490K, capacity 6702K, committed 6784K, reserved 1056768K
  class space    used 794K, capacity 875K, committed 896K, reserved 1048576K
Event: 7.374 GC heap after
Heap after GC invocations=1 (full 0):
 PSYoungGen      total 36352K, used 4090K [0x00000000e0000000, 0x00000000e2880000, 0x0000000100000000)
  eden space 31232K, 0% used [0x00000000e0000000,0x00000000e0000000,0x00000000e1e80000)
  from space 5120K, 79% used [0x00000000e1e80000,0x00000000e227eab0,0x00000000e2380000)
  to   space 5120K, 0% used [0x00000000e2380000,0x00000000e2380000,0x00000000e2880000)
 ParOldGen       total 83456K, used 8K [0x00000000a0000000, 0x00000000a5180000, 0x00000000e0000000)
  object space 83456K, 0% used [0x00000000a0000000,0x00000000a0002000,0x00000000a5180000)
 Metaspace       used 6490K, capacity 6702K, committed 6784K, reserved 1056768K
  class space    used 794K, capacity 875K, committed 896K, reserved 1048576K
}
Event: 8.445 GC heap before
{Heap before GC invocations=2 (full 0):
 PSYoungGen      total 36352K, used 35322K [0x00000000e0000000, 0x00000000e2880000, 0x0000000100000000)
  eden space 31232K, 100% used [0x00000000e0000000,0x00000000e1e80000,0x00000000e1e80000)
  from space 5120K, 79% used [0x00000000e1e80000,0x00000000e227eab0,0x00000000e2380000)
  to   space 5120K, 0% used [0x00000000e2380000,0x00000000e2380000,0x00000000e2880000)
 ParOldGen       total 83456K, used 8K [0x00000000a0000000, 0x00000000a5180000, 0x00000000e0000000)
  object space 83456K, 0% used [0x00000000a0000000,0x00000000a0002000,0x00000000a5180000)
 Metaspace       used 10693K, capacity 10952K, committed 11008K, reserved 1058816K
  class space    used 1430K, capacity 1518K, committed 1536K, reserved 1048576K
Event: 8.469 GC heap after
Heap after GC invocations=2 (full 0):
 PSYoungGen      total 36352K, used 5119K [0x00000000e0000000, 0x00000000e4700000, 0x0000000100000000)
  eden space 31232K, 0% used [0x00000000e0000000,0x00000000e0000000,0x00000000e1e80000)
  from space 5120K, 99% used [0x00000000e2380000,0x00000000e287fd28,0x00000000e2880000)
  to   space 5120K, 0% used [0x00000000e1e80000,0x00000000e1e80000,0x00000000e2380000)
 ParOldGen       total 83456K, used 278K [0x00000000a0000000, 0x00000000a5180000, 0x00000000e0000000)
  object space 83456K, 0% used [0x00000000a0000000,0x00000000a0045858,0x00000000a5180000)
 Metaspace       used 10693K, capacity 10952K, committed 11008K, reserved 1058816K
  class space    used 1430K, capacity 1518K, committed 1536K, reserved 1048576K
}
Event: 9.950 GC heap before
{Heap before GC invocations=3 (full 0):
 PSYoungGen      total 36352K, used 36351K [0x00000000e0000000, 0x00000000e4700000, 0x0000000100000000)
  eden space 31232K, 100% used [0x00000000e0000000,0x00000000e1e80000,0x00000000e1e80000)
  from space 5120K, 99% used [0x00000000e2380000,0x00000000e287fd28,0x00000000e2880000)
  to   space 5120K, 0% used [0x00000000e1e80000,0x00000000e1e80000,0x00000000e2380000)
 ParOldGen       total 83456K, used 278K [0x00000000a0000000, 0x00000000a5180000, 0x00000000e0000000)
  object space 83456K, 0% used [0x00000000a0000000,0x00000000a0045858,0x00000000a5180000)
 Metaspace       used 13761K, capacity 14046K, committed 14208K, reserved 1060864K
  class space    used 1928K, capacity 2081K, committed 2176K, reserved 1048576K
Event: 9.972 GC heap after
Heap after GC invocations=3 (full 0):
 PSYoungGen      total 36352K, used 5090K [0x00000000e0000000, 0x00000000e4700000, 0x0000000100000000)
  eden space 31232K, 0% used [0x00000000e0000000,0x00000000e0000000,0x00000000e1e80000)
  from space 5120K, 99% used [0x00000000e1e80000,0x00000000e2378b10,0x00000000e2380000)
  to   space 5120K, 0% used [0x00000000e4200000,0x00000000e4200000,0x00000000e4700000)
 ParOldGen       total 83456K, used 1890K [0x00000000a0000000, 0x00000000a5180000, 0x00000000e0000000)
  object space 83456K, 2% used [0x00000000a0000000,0x00000000a01d8870,0x00000000a5180000)
 Metaspace       used 13761K, capacity 14046K, committed 14208K, reserved 1060864K
  class space    used 1928K, capacity 2081K, committed 2176K, reserved 1048576K
}
Event: 11.895 GC heap before
{Heap before GC invocations=4 (full 0):
 PSYoungGen      total 36352K, used 36322K [0x00000000e0000000, 0x00000000e4700000, 0x0000000100000000)
  eden space 31232K, 100% used [0x00000000e0000000,0x00000000e1e80000,0x00000000e1e80000)
  from space 5120K, 99% used [0x00000000e1e80000,0x00000000e2378b10,0x00000000e2380000)
  to   space 5120K, 0% used [0x00000000e4200000,0x00000000e4200000,0x00000000e4700000)
 ParOldGen       total 83456K, used 1890K [0x00000000a0000000, 0x00000000a5180000, 0x00000000e0000000)
  object space 83456K, 2% used [0x00000000a0000000,0x00000000a01d8870,0x00000000a5180000)
 Metaspace       used 17023K, capacity 17316K, committed 17408K, reserved 1064960K
  class space    used 2430K, capacity 2530K, committed 2560K, reserved 1048576K
Event: 11.934 GC heap after
Heap after GC invocations=4 (full 0):
 PSYoungGen      total 67584K, used 5104K [0x00000000e0000000, 0x00000000e4700000, 0x0000000100000000)
  eden space 62464K, 0% used [0x00000000e0000000,0x00000000e0000000,0x00000000e3d00000)
  from space 5120K, 99% used [0x00000000e4200000,0x00000000e46fc020,0x00000000e4700000)
  to   space 5120K, 0% used [0x00000000e3d00000,0x00000000e3d00000,0x00000000e4200000)
 ParOldGen       total 83456K, used 4987K [0x00000000a0000000, 0x00000000a5180000, 0x00000000e0000000)
  object space 83456K, 5% used [0x00000000a0000000,0x00000000a04decb8,0x00000000a5180000)
 Metaspace       used 17023K, capacity 17316K, committed 17408K, reserved 1064960K
  class space    used 2430K, capacity 2530K, committed 2560K, reserved 1048576K
}
Event: 13.768 GC heap before
{Heap before GC invocations=5 (full 0):
 PSYoungGen      total 67584K, used 23012K [0x00000000e0000000, 0x00000000e4700000, 0x0000000100000000)
  eden space 62464K, 28% used [0x00000000e0000000,0x00000000e117d000,0x00000000e3d00000)
  from space 5120K, 99% used [0x00000000e4200000,0x00000000e46fc020,0x00000000e4700000)
  to   space 5120K, 0% used [0x00000000e3d00000,0x00000000e3d00000,0x00000000e4200000)
 ParOldGen       total 83456K, used 4987K [0x00000000a0000000, 0x00000000a5180000, 0x00000000e0000000)
  object space 83456K, 5% used [0x00000000a0000000,0x00000000a04decb8,0x00000000a5180000)
 Metaspace       used 20850K, capacity 21124K, committed 21248K, reserved 1067008K
  class space    used 2890K, capacity 3010K, committed 3072K, reserved 1048576K

